2021-12-30 16:24:10.208  INFO 66781 --- [restartedMain] c.j.s.admin.ShopmeBackEndApplication     : Starting ShopmeBackEndApplication using Java 17.0.1 on c02f348zmd6r-mac.lan with PID 66781 (/Users/jmehta/Riverbed/Eclipse_workspace/EcommerceProject_udemy/ShopmeProject/ShopmeWebParent/ShopmeBackEnd/target/classes started by jmehta in /Users/jmehta/Riverbed/Eclipse_workspace/EcommerceProject_udemy/ShopmeProject/ShopmeWebParent/ShopmeBackEnd)
2021-12-30 16:24:10.208  INFO 66781 --- [restartedMain] c.j.s.admin.ShopmeBackEndApplication     : No active profile set, falling back to default profiles: default
2021-12-30 16:24:10.319  INFO 66781 --- [restartedMain] .s.d.r.c.RepositoryConfigurationDelegate : Bootstrapping Spring Data JPA repositories in DEFAULT mode.
2021-12-30 16:24:10.327  INFO 66781 --- [restartedMain] .s.d.r.c.RepositoryConfigurationDelegate : Finished Spring Data repository scanning in 8 ms. Found 2 JPA repository interfaces.
2021-12-30 16:24:10.391  INFO 66781 --- [restartedMain] o.s.b.w.embedded.tomcat.TomcatWebServer  : Tomcat initialized with port(s): 8088 (http)
2021-12-30 16:24:10.391  INFO 66781 --- [restartedMain] o.apache.catalina.core.StandardService   : Starting service [Tomcat]
2021-12-30 16:24:10.392  INFO 66781 --- [restartedMain] org.apache.catalina.core.StandardEngine  : Starting Servlet engine: [Apache Tomcat/9.0.55]
2021-12-30 16:24:10.400  INFO 66781 --- [restartedMain] o.a.c.c.C.[.[localhost].[/ShopmeAdmin]   : Initializing Spring embedded WebApplicationContext
2021-12-30 16:24:10.400  INFO 66781 --- [restartedMain] w.s.c.ServletWebServerApplicationContext : Root WebApplicationContext: initialization completed in 190 ms
2021-12-30 16:24:10.421  INFO 66781 --- [restartedMain] o.hibernate.jpa.internal.util.LogHelper  : HHH000204: Processing PersistenceUnitInfo [name: default]
2021-12-30 16:24:10.424  INFO 66781 --- [restartedMain] com.zaxxer.hikari.HikariDataSource       : HikariPool-6 - Starting...
2021-12-30 16:24:10.434  INFO 66781 --- [restartedMain] com.zaxxer.hikari.HikariDataSource       : HikariPool-6 - Start completed.
2021-12-30 16:24:10.434  INFO 66781 --- [restartedMain] org.hibernate.dialect.Dialect            : HHH000400: Using dialect: org.hibernate.dialect.MySQL8Dialect
2021-12-30 16:24:10.466  INFO 66781 --- [restartedMain] o.h.e.t.j.p.i.JtaPlatformInitiator       : HHH000490: Using JtaPlatform implementation: [org.hibernate.engine.transaction.jta.platform.internal.NoJtaPlatform]
2021-12-30 16:24:10.466  INFO 66781 --- [restartedMain] j.LocalContainerEntityManagerFactoryBean : Initialized JPA EntityManagerFactory for persistence unit 'default'
2021-12-30 16:24:10.479  WARN 66781 --- [restartedMain] JpaBaseConfiguration$JpaWebConfiguration : spring.jpa.open-in-view is enabled by default. Therefore, database queries may be performed during view rendering. Explicitly configure spring.jpa.open-in-view to disable this warning
2021-12-30 16:24:10.523  INFO 66781 --- [restartedMain] o.s.s.web.DefaultSecurityFilterChain     : Will secure Ant [pattern='/images/**'] with []
2021-12-30 16:24:10.523  INFO 66781 --- [restartedMain] o.s.s.web.DefaultSecurityFilterChain     : Will secure Ant [pattern='/js/**'] with []
2021-12-30 16:24:10.523  INFO 66781 --- [restartedMain] o.s.s.web.DefaultSecurityFilterChain     : Will secure Ant [pattern='/webjars/**'] with []
2021-12-30 16:24:10.528  INFO 66781 --- [restartedMain] o.s.s.web.DefaultSecurityFilterChain     : Will secure any request with [org.springframework.security.web.context.request.async.WebAsyncManagerIntegrationFilter@264bd121, org.springframework.security.web.context.SecurityContextPersistenceFilter@7a95fbdc, org.springframework.security.web.header.HeaderWriterFilter@57004f84, org.springframework.security.web.csrf.CsrfFilter@216a0a3f, org.springframework.security.web.authentication.logout.LogoutFilter@200a4d18, org.springframework.security.web.authentication.UsernamePasswordAuthenticationFilter@15a3ac5d, org.springframework.security.web.savedrequest.RequestCacheAwareFilter@528bad2a, org.springframework.security.web.servletapi.SecurityContextHolderAwareRequestFilter@7a2a490, org.springframework.security.web.authentication.rememberme.RememberMeAuthenticationFilter@5295d3fb, org.springframework.security.web.authentication.AnonymousAuthenticationFilter@5a8cc0c3, org.springframework.security.web.session.SessionManagementFilter@bdf236a, org.springframework.security.web.access.ExceptionTranslationFilter@6d08a7db, org.springframework.security.web.access.intercept.FilterSecurityInterceptor@8f8685]
2021-12-30 16:24:10.555  INFO 66781 --- [restartedMain] o.s.b.a.w.s.WelcomePageHandlerMapping    : Adding welcome page template: index
2021-12-30 16:24:10.682  INFO 66781 --- [restartedMain] o.s.b.d.a.OptionalLiveReloadServer       : LiveReload server is running on port 35729
2021-12-30 16:24:10.688  INFO 66781 --- [restartedMain] o.s.b.w.embedded.tomcat.TomcatWebServer  : Tomcat started on port(s): 8088 (http) with context path '/ShopmeAdmin'
2021-12-30 16:24:10.693  INFO 66781 --- [restartedMain] c.j.s.admin.ShopmeBackEndApplication     : Started ShopmeBackEndApplication in 0.517 seconds (JVM running for 1993.548)
2021-12-30 16:24:10.694  INFO 66781 --- [restartedMain] .ConditionEvaluationDeltaLoggingListener : Condition evaluation unchanged
2021-12-30 16:33:52.982  INFO 66781 --- [Thread-23] j.LocalContainerEntityManagerFactoryBean : Closing JPA EntityManagerFactory for persistence unit 'default'
2021-12-30 16:33:52.983  INFO 66781 --- [Thread-23] com.zaxxer.hikari.HikariDataSource       : HikariPool-6 - Shutdown initiated...
2021-12-30 16:33:52.986  INFO 66781 --- [Thread-23] com.zaxxer.hikari.HikariDataSource       : HikariPool-6 - Shutdown completed.
2021-12-30 16:33:53.052  INFO 66781 --- [restartedMain] c.j.s.admin.ShopmeBackEndApplication     : Starting ShopmeBackEndApplication using Java 17.0.1 on c02f348zmd6r-mac.lan with PID 66781 (/Users/jmehta/Riverbed/Eclipse_workspace/EcommerceProject_udemy/ShopmeProject/ShopmeWebParent/ShopmeBackEnd/target/classes started by jmehta in /Users/jmehta/Riverbed/Eclipse_workspace/EcommerceProject_udemy/ShopmeProject/ShopmeWebParent/ShopmeBackEnd)
2021-12-30 16:33:53.052  INFO 66781 --- [restartedMain] c.j.s.admin.ShopmeBackEndApplication     : No active profile set, falling back to default profiles: default
2021-12-30 16:33:53.141  INFO 66781 --- [restartedMain] .s.d.r.c.RepositoryConfigurationDelegate : Bootstrapping Spring Data JPA repositories in DEFAULT mode.
2021-12-30 16:33:53.148  INFO 66781 --- [restartedMain] .s.d.r.c.RepositoryConfigurationDelegate : Finished Spring Data repository scanning in 6 ms. Found 2 JPA repository interfaces.
2021-12-30 16:33:53.210  INFO 66781 --- [restartedMain] o.s.b.w.embedded.tomcat.TomcatWebServer  : Tomcat initialized with port(s): 8088 (http)
2021-12-30 16:33:53.211  INFO 66781 --- [restartedMain] o.apache.catalina.core.StandardService   : Starting service [Tomcat]
2021-12-30 16:33:53.211  INFO 66781 --- [restartedMain] org.apache.catalina.core.StandardEngine  : Starting Servlet engine: [Apache Tomcat/9.0.55]
2021-12-30 16:33:53.223  INFO 66781 --- [restartedMain] o.a.c.c.C.[.[localhost].[/ShopmeAdmin]   : Initializing Spring embedded WebApplicationContext
2021-12-30 16:33:53.223  INFO 66781 --- [restartedMain] w.s.c.ServletWebServerApplicationContext : Root WebApplicationContext: initialization completed in 169 ms
2021-12-30 16:33:53.245  INFO 66781 --- [restartedMain] o.hibernate.jpa.internal.util.LogHelper  : HHH000204: Processing PersistenceUnitInfo [name: default]
2021-12-30 16:33:53.248  INFO 66781 --- [restartedMain] com.zaxxer.hikari.HikariDataSource       : HikariPool-7 - Starting...
2021-12-30 16:33:53.258  INFO 66781 --- [restartedMain] com.zaxxer.hikari.HikariDataSource       : HikariPool-7 - Start completed.
2021-12-30 16:33:53.258  INFO 66781 --- [restartedMain] org.hibernate.dialect.Dialect            : HHH000400: Using dialect: org.hibernate.dialect.MySQL8Dialect
2021-12-30 16:33:53.288  INFO 66781 --- [restartedMain] o.h.e.t.j.p.i.JtaPlatformInitiator       : HHH000490: Using JtaPlatform implementation: [org.hibernate.engine.transaction.jta.platform.internal.NoJtaPlatform]
2021-12-30 16:33:53.288  INFO 66781 --- [restartedMain] j.LocalContainerEntityManagerFactoryBean : Initialized JPA EntityManagerFactory for persistence unit 'default'
2021-12-30 16:33:53.302  WARN 66781 --- [restartedMain] JpaBaseConfiguration$JpaWebConfiguration : spring.jpa.open-in-view is enabled by default. Therefore, database queries may be performed during view rendering. Explicitly configure spring.jpa.open-in-view to disable this warning
2021-12-30 16:33:53.355  INFO 66781 --- [restartedMain] o.s.s.web.DefaultSecurityFilterChain     : Will secure Ant [pattern='/images/**'] with []
2021-12-30 16:33:53.355  INFO 66781 --- [restartedMain] o.s.s.web.DefaultSecurityFilterChain     : Will secure Ant [pattern='/js/**'] with []
2021-12-30 16:33:53.355  INFO 66781 --- [restartedMain] o.s.s.web.DefaultSecurityFilterChain     : Will secure Ant [pattern='/webjars/**'] with []
2021-12-30 16:33:53.360  INFO 66781 --- [restartedMain] o.s.s.web.DefaultSecurityFilterChain     : Will secure any request with [org.springframework.security.web.context.request.async.WebAsyncManagerIntegrationFilter@71e0000e, org.springframework.security.web.context.SecurityContextPersistenceFilter@ef9fdf4, org.springframework.security.web.header.HeaderWriterFilter@764b009f, org.springframework.security.web.csrf.CsrfFilter@46fa62f6, org.springframework.security.web.authentication.logout.LogoutFilter@5d4b7f23, org.springframework.security.web.authentication.UsernamePasswordAuthenticationFilter@363e2933, org.springframework.security.web.savedrequest.RequestCacheAwareFilter@27e45853, org.springframework.security.web.servletapi.SecurityContextHolderAwareRequestFilter@905fbc8, org.springframework.security.web.authentication.rememberme.RememberMeAuthenticationFilter@33834c7b, org.springframework.security.web.authentication.AnonymousAuthenticationFilter@71ef9e5c, org.springframework.security.web.session.SessionManagementFilter@1b01d1b0, org.springframework.security.web.access.ExceptionTranslationFilter@333340f8, org.springframework.security.web.access.intercept.FilterSecurityInterceptor@24349771]
2021-12-30 16:33:53.389  INFO 66781 --- [restartedMain] o.s.b.a.w.s.WelcomePageHandlerMapping    : Adding welcome page template: index
2021-12-30 16:33:53.526  INFO 66781 --- [restartedMain] o.s.b.d.a.OptionalLiveReloadServer       : LiveReload server is running on port 35729
2021-12-30 16:33:53.534  INFO 66781 --- [restartedMain] o.s.b.w.embedded.tomcat.TomcatWebServer  : Tomcat started on port(s): 8088 (http) with context path '/ShopmeAdmin'
2021-12-30 16:33:53.537  INFO 66781 --- [restartedMain] c.j.s.admin.ShopmeBackEndApplication     : Started ShopmeBackEndApplication in 0.513 seconds (JVM running for 2576.39)
2021-12-30 16:33:53.538  INFO 66781 --- [restartedMain] .ConditionEvaluationDeltaLoggingListener : Condition evaluation unchanged
2021-12-30 16:34:06.049  INFO 66781 --- [Thread-27] j.LocalContainerEntityManagerFactoryBean : Closing JPA EntityManagerFactory for persistence unit 'default'
2021-12-30 16:34:06.049  INFO 66781 --- [Thread-27] com.zaxxer.hikari.HikariDataSource       : HikariPool-7 - Shutdown initiated...
2021-12-30 16:34:06.052  INFO 66781 --- [Thread-27] com.zaxxer.hikari.HikariDataSource       : HikariPool-7 - Shutdown completed.
2021-12-30 16:34:06.106  INFO 66781 --- [restartedMain] c.j.s.admin.ShopmeBackEndApplication     : Starting ShopmeBackEndApplication using Java 17.0.1 on c02f348zmd6r-mac.lan with PID 66781 (/Users/jmehta/Riverbed/Eclipse_workspace/EcommerceProject_udemy/ShopmeProject/ShopmeWebParent/ShopmeBackEnd/target/classes started by jmehta in /Users/jmehta/Riverbed/Eclipse_workspace/EcommerceProject_udemy/ShopmeProject/ShopmeWebParent/ShopmeBackEnd)
2021-12-30 16:34:06.106  INFO 66781 --- [restartedMain] c.j.s.admin.ShopmeBackEndApplication     : No active profile set, falling back to default profiles: default
2021-12-30 16:34:06.196  INFO 66781 --- [restartedMain] .s.d.r.c.RepositoryConfigurationDelegate : Bootstrapping Spring Data JPA repositories in DEFAULT mode.
2021-12-30 16:34:06.202  INFO 66781 --- [restartedMain] .s.d.r.c.RepositoryConfigurationDelegate : Finished Spring Data repository scanning in 6 ms. Found 2 JPA repository interfaces.
2021-12-30 16:34:06.252  INFO 66781 --- [restartedMain] o.s.b.w.embedded.tomcat.TomcatWebServer  : Tomcat initialized with port(s): 8088 (http)
2021-12-30 16:34:06.253  INFO 66781 --- [restartedMain] o.apache.catalina.core.StandardService   : Starting service [Tomcat]
2021-12-30 16:34:06.253  INFO 66781 --- [restartedMain] org.apache.catalina.core.StandardEngine  : Starting Servlet engine: [Apache Tomcat/9.0.55]
2021-12-30 16:34:06.262  INFO 66781 --- [restartedMain] o.a.c.c.C.[.[localhost].[/ShopmeAdmin]   : Initializing Spring embedded WebApplicationContext
2021-12-30 16:34:06.262  INFO 66781 --- [restartedMain] w.s.c.ServletWebServerApplicationContext : Root WebApplicationContext: initialization completed in 154 ms
2021-12-30 16:34:06.284  INFO 66781 --- [restartedMain] o.hibernate.jpa.internal.util.LogHelper  : HHH000204: Processing PersistenceUnitInfo [name: default]
2021-12-30 16:34:06.287  INFO 66781 --- [restartedMain] com.zaxxer.hikari.HikariDataSource       : HikariPool-8 - Starting...
2021-12-30 16:34:06.295  INFO 66781 --- [restartedMain] com.zaxxer.hikari.HikariDataSource       : HikariPool-8 - Start completed.
2021-12-30 16:34:06.296  INFO 66781 --- [restartedMain] org.hibernate.dialect.Dialect            : HHH000400: Using dialect: org.hibernate.dialect.MySQL8Dialect
2021-12-30 16:34:06.327  INFO 66781 --- [restartedMain] o.h.e.t.j.p.i.JtaPlatformInitiator       : HHH000490: Using JtaPlatform implementation: [org.hibernate.engine.transaction.jta.platform.internal.NoJtaPlatform]
2021-12-30 16:34:06.327  INFO 66781 --- [restartedMain] j.LocalContainerEntityManagerFactoryBean : Initialized JPA EntityManagerFactory for persistence unit 'default'
2021-12-30 16:34:06.339  WARN 66781 --- [restartedMain] JpaBaseConfiguration$JpaWebConfiguration : spring.jpa.open-in-view is enabled by default. Therefore, database queries may be performed during view rendering. Explicitly configure spring.jpa.open-in-view to disable this warning
2021-12-30 16:34:06.388  INFO 66781 --- [restartedMain] o.s.s.web.DefaultSecurityFilterChain     : Will secure Ant [pattern='/images/**'] with []
2021-12-30 16:34:06.388  INFO 66781 --- [restartedMain] o.s.s.web.DefaultSecurityFilterChain     : Will secure Ant [pattern='/js/**'] with []
2021-12-30 16:34:06.388  INFO 66781 --- [restartedMain] o.s.s.web.DefaultSecurityFilterChain     : Will secure Ant [pattern='/webjars/**'] with []
2021-12-30 16:34:06.393  INFO 66781 --- [restartedMain] o.s.s.web.DefaultSecurityFilterChain     : Will secure any request with [org.springframework.security.web.context.request.async.WebAsyncManagerIntegrationFilter@56a4806f, org.springframework.security.web.context.SecurityContextPersistenceFilter@22baebd6, org.springframework.security.web.header.HeaderWriterFilter@139aa368, org.springframework.security.web.csrf.CsrfFilter@5aa6d7f0, org.springframework.security.web.authentication.logout.LogoutFilter@14913e79, org.springframework.security.web.authentication.UsernamePasswordAuthenticationFilter@6261a7ad, org.springframework.security.web.savedrequest.RequestCacheAwareFilter@145e3153, org.springframework.security.web.servletapi.SecurityContextHolderAwareRequestFilter@52994153, org.springframework.security.web.authentication.rememberme.RememberMeAuthenticationFilter@16d61c9c, org.springframework.security.web.authentication.AnonymousAuthenticationFilter@647a2e68, org.springframework.security.web.session.SessionManagementFilter@4e4fbcb8, org.springframework.security.web.access.ExceptionTranslationFilter@35b07c5e, org.springframework.security.web.access.intercept.FilterSecurityInterceptor@7668909b]
2021-12-30 16:34:06.423  INFO 66781 --- [restartedMain] o.s.b.a.w.s.WelcomePageHandlerMapping    : Adding welcome page template: index
2021-12-30 16:34:06.556  INFO 66781 --- [restartedMain] o.s.b.d.a.OptionalLiveReloadServer       : LiveReload server is running on port 35729
2021-12-30 16:34:06.563  INFO 66781 --- [restartedMain] o.s.b.w.embedded.tomcat.TomcatWebServer  : Tomcat started on port(s): 8088 (http) with context path '/ShopmeAdmin'
2021-12-30 16:34:06.567  INFO 66781 --- [restartedMain] c.j.s.admin.ShopmeBackEndApplication     : Started ShopmeBackEndApplication in 0.479 seconds (JVM running for 2589.42)
2021-12-30 16:34:06.568  INFO 66781 --- [restartedMain] .ConditionEvaluationDeltaLoggingListener : Condition evaluation unchanged
2021-12-30 16:34:56.385  INFO 66781 --- [Thread-31] j.LocalContainerEntityManagerFactoryBean : Closing JPA EntityManagerFactory for persistence unit 'default'
2021-12-30 16:34:56.385  INFO 66781 --- [Thread-31] com.zaxxer.hikari.HikariDataSource       : HikariPool-8 - Shutdown initiated...
2021-12-30 16:34:56.388  INFO 66781 --- [Thread-31] com.zaxxer.hikari.HikariDataSource       : HikariPool-8 - Shutdown completed.
2021-12-30 16:34:56.468  INFO 66781 --- [restartedMain] c.j.s.admin.ShopmeBackEndApplication     : Starting ShopmeBackEndApplication using Java 17.0.1 on c02f348zmd6r-mac.lan with PID 66781 (/Users/jmehta/Riverbed/Eclipse_workspace/EcommerceProject_udemy/ShopmeProject/ShopmeWebParent/ShopmeBackEnd/target/classes started by jmehta in /Users/jmehta/Riverbed/Eclipse_workspace/EcommerceProject_udemy/ShopmeProject/ShopmeWebParent/ShopmeBackEnd)
2021-12-30 16:34:56.468  INFO 66781 --- [restartedMain] c.j.s.admin.ShopmeBackEndApplication     : No active profile set, falling back to default profiles: default
2021-12-30 16:34:56.562  INFO 66781 --- [restartedMain] .s.d.r.c.RepositoryConfigurationDelegate : Bootstrapping Spring Data JPA repositories in DEFAULT mode.
2021-12-30 16:34:56.569  INFO 66781 --- [restartedMain] .s.d.r.c.RepositoryConfigurationDelegate : Finished Spring Data repository scanning in 6 ms. Found 2 JPA repository interfaces.
2021-12-30 16:34:56.634  INFO 66781 --- [restartedMain] o.s.b.w.embedded.tomcat.TomcatWebServer  : Tomcat initialized with port(s): 8088 (http)
2021-12-30 16:34:56.634  INFO 66781 --- [restartedMain] o.apache.catalina.core.StandardService   : Starting service [Tomcat]
2021-12-30 16:34:56.634  INFO 66781 --- [restartedMain] org.apache.catalina.core.StandardEngine  : Starting Servlet engine: [Apache Tomcat/9.0.55]
2021-12-30 16:34:56.644  INFO 66781 --- [restartedMain] o.a.c.c.C.[.[localhost].[/ShopmeAdmin]   : Initializing Spring embedded WebApplicationContext
2021-12-30 16:34:56.644  INFO 66781 --- [restartedMain] w.s.c.ServletWebServerApplicationContext : Root WebApplicationContext: initialization completed in 175 ms
2021-12-30 16:34:56.666  INFO 66781 --- [restartedMain] o.hibernate.jpa.internal.util.LogHelper  : HHH000204: Processing PersistenceUnitInfo [name: default]
2021-12-30 16:34:56.669  INFO 66781 --- [restartedMain] com.zaxxer.hikari.HikariDataSource       : HikariPool-9 - Starting...
2021-12-30 16:34:56.678  INFO 66781 --- [restartedMain] com.zaxxer.hikari.HikariDataSource       : HikariPool-9 - Start completed.
2021-12-30 16:34:56.679  INFO 66781 --- [restartedMain] org.hibernate.dialect.Dialect            : HHH000400: Using dialect: org.hibernate.dialect.MySQL8Dialect
2021-12-30 16:34:56.708  INFO 66781 --- [restartedMain] o.h.e.t.j.p.i.JtaPlatformInitiator       : HHH000490: Using JtaPlatform implementation: [org.hibernate.engine.transaction.jta.platform.internal.NoJtaPlatform]
2021-12-30 16:34:56.709  INFO 66781 --- [restartedMain] j.LocalContainerEntityManagerFactoryBean : Initialized JPA EntityManagerFactory for persistence unit 'default'
2021-12-30 16:34:56.721  WARN 66781 --- [restartedMain] JpaBaseConfiguration$JpaWebConfiguration : spring.jpa.open-in-view is enabled by default. Therefore, database queries may be performed during view rendering. Explicitly configure spring.jpa.open-in-view to disable this warning
2021-12-30 16:34:56.770  INFO 66781 --- [restartedMain] o.s.s.web.DefaultSecurityFilterChain     : Will secure Ant [pattern='/images/**'] with []
2021-12-30 16:34:56.770  INFO 66781 --- [restartedMain] o.s.s.web.DefaultSecurityFilterChain     : Will secure Ant [pattern='/js/**'] with []
2021-12-30 16:34:56.770  INFO 66781 --- [restartedMain] o.s.s.web.DefaultSecurityFilterChain     : Will secure Ant [pattern='/webjars/**'] with []
2021-12-30 16:34:56.778  INFO 66781 --- [restartedMain] o.s.s.web.DefaultSecurityFilterChain     : Will secure any request with [org.springframework.security.web.context.request.async.WebAsyncManagerIntegrationFilter@7b9bed2e, org.springframework.security.web.context.SecurityContextPersistenceFilter@6ecbf4b6, org.springframework.security.web.header.HeaderWriterFilter@a9385ad, org.springframework.security.web.csrf.CsrfFilter@280d6baa, org.springframework.security.web.authentication.logout.LogoutFilter@31a50526, org.springframework.security.web.authentication.UsernamePasswordAuthenticationFilter@49ebc3b3, org.springframework.security.web.savedrequest.RequestCacheAwareFilter@7f371828, org.springframework.security.web.servletapi.SecurityContextHolderAwareRequestFilter@691f448e, org.springframework.security.web.authentication.rememberme.RememberMeAuthenticationFilter@1ea48db8, org.springframework.security.web.authentication.AnonymousAuthenticationFilter@385bc144, org.springframework.security.web.session.SessionManagementFilter@2d589a8c, org.springframework.security.web.access.ExceptionTranslationFilter@4b4b44db, org.springframework.security.web.access.intercept.FilterSecurityInterceptor@7446f8a9]
2021-12-30 16:34:56.805  INFO 66781 --- [restartedMain] o.s.b.a.w.s.WelcomePageHandlerMapping    : Adding welcome page template: index
2021-12-30 16:34:56.946  INFO 66781 --- [restartedMain] o.s.b.d.a.OptionalLiveReloadServer       : LiveReload server is running on port 35729
2021-12-30 16:34:56.955  INFO 66781 --- [restartedMain] o.s.b.w.embedded.tomcat.TomcatWebServer  : Tomcat started on port(s): 8088 (http) with context path '/ShopmeAdmin'
2021-12-30 16:34:56.958  INFO 66781 --- [restartedMain] c.j.s.admin.ShopmeBackEndApplication     : Started ShopmeBackEndApplication in 0.519 seconds (JVM running for 2639.81)
2021-12-30 16:34:56.959  INFO 66781 --- [restartedMain] .ConditionEvaluationDeltaLoggingListener : Condition evaluation unchanged
2021-12-30 16:35:06.439  INFO 66781 --- [Thread-35] j.LocalContainerEntityManagerFactoryBean : Closing JPA EntityManagerFactory for persistence unit 'default'
2021-12-30 16:35:06.439  INFO 66781 --- [Thread-35] com.zaxxer.hikari.HikariDataSource       : HikariPool-9 - Shutdown initiated...
2021-12-30 16:35:06.441  INFO 66781 --- [Thread-35] com.zaxxer.hikari.HikariDataSource       : HikariPool-9 - Shutdown completed.
2021-12-30 16:35:06.500  INFO 66781 --- [restartedMain] c.j.s.admin.ShopmeBackEndApplication     : Starting ShopmeBackEndApplication using Java 17.0.1 on c02f348zmd6r-mac.lan with PID 66781 (/Users/jmehta/Riverbed/Eclipse_workspace/EcommerceProject_udemy/ShopmeProject/ShopmeWebParent/ShopmeBackEnd/target/classes started by jmehta in /Users/jmehta/Riverbed/Eclipse_workspace/EcommerceProject_udemy/ShopmeProject/ShopmeWebParent/ShopmeBackEnd)
2021-12-30 16:35:06.500  INFO 66781 --- [restartedMain] c.j.s.admin.ShopmeBackEndApplication     : No active profile set, falling back to default profiles: default
2021-12-30 16:35:06.613  INFO 66781 --- [restartedMain] .s.d.r.c.RepositoryConfigurationDelegate : Bootstrapping Spring Data JPA repositories in DEFAULT mode.
2021-12-30 16:35:06.620  INFO 66781 --- [restartedMain] .s.d.r.c.RepositoryConfigurationDelegate : Finished Spring Data repository scanning in 6 ms. Found 2 JPA repository interfaces.
2021-12-30 16:35:06.689  INFO 66781 --- [restartedMain] o.s.b.w.embedded.tomcat.TomcatWebServer  : Tomcat initialized with port(s): 8088 (http)
2021-12-30 16:35:06.689  INFO 66781 --- [restartedMain] o.apache.catalina.core.StandardService   : Starting service [Tomcat]
2021-12-30 16:35:06.689  INFO 66781 --- [restartedMain] org.apache.catalina.core.StandardEngine  : Starting Servlet engine: [Apache Tomcat/9.0.55]
2021-12-30 16:35:06.699  INFO 66781 --- [restartedMain] o.a.c.c.C.[.[localhost].[/ShopmeAdmin]   : Initializing Spring embedded WebApplicationContext
2021-12-30 16:35:06.699  INFO 66781 --- [restartedMain] w.s.c.ServletWebServerApplicationContext : Root WebApplicationContext: initialization completed in 197 ms
2021-12-30 16:35:06.720  INFO 66781 --- [restartedMain] o.hibernate.jpa.internal.util.LogHelper  : HHH000204: Processing PersistenceUnitInfo [name: default]
2021-12-30 16:35:06.723  INFO 66781 --- [restartedMain] com.zaxxer.hikari.HikariDataSource       : HikariPool-10 - Starting...
2021-12-30 16:35:06.732  INFO 66781 --- [restartedMain] com.zaxxer.hikari.HikariDataSource       : HikariPool-10 - Start completed.
2021-12-30 16:35:06.732  INFO 66781 --- [restartedMain] org.hibernate.dialect.Dialect            : HHH000400: Using dialect: org.hibernate.dialect.MySQL8Dialect
2021-12-30 16:35:06.762  INFO 66781 --- [restartedMain] o.h.e.t.j.p.i.JtaPlatformInitiator       : HHH000490: Using JtaPlatform implementation: [org.hibernate.engine.transaction.jta.platform.internal.NoJtaPlatform]
2021-12-30 16:35:06.762  INFO 66781 --- [restartedMain] j.LocalContainerEntityManagerFactoryBean : Initialized JPA EntityManagerFactory for persistence unit 'default'
2021-12-30 16:35:06.774  WARN 66781 --- [restartedMain] JpaBaseConfiguration$JpaWebConfiguration : spring.jpa.open-in-view is enabled by default. Therefore, database queries may be performed during view rendering. Explicitly configure spring.jpa.open-in-view to disable this warning
2021-12-30 16:35:06.822  INFO 66781 --- [restartedMain] o.s.s.web.DefaultSecurityFilterChain     : Will secure Ant [pattern='/images/**'] with []
2021-12-30 16:35:06.823  INFO 66781 --- [restartedMain] o.s.s.web.DefaultSecurityFilterChain     : Will secure Ant [pattern='/js/**'] with []
2021-12-30 16:35:06.823  INFO 66781 --- [restartedMain] o.s.s.web.DefaultSecurityFilterChain     : Will secure Ant [pattern='/webjars/**'] with []
2021-12-30 16:35:06.828  INFO 66781 --- [restartedMain] o.s.s.web.DefaultSecurityFilterChain     : Will secure any request with [org.springframework.security.web.context.request.async.WebAsyncManagerIntegrationFilter@20fe2c4, org.springframework.security.web.context.SecurityContextPersistenceFilter@43de5f22, org.springframework.security.web.header.HeaderWriterFilter@3dc0b61, org.springframework.security.web.csrf.CsrfFilter@64fcaff4, org.springframework.security.web.authentication.logout.LogoutFilter@8a72929, org.springframework.security.web.authentication.UsernamePasswordAuthenticationFilter@5b59b08b, org.springframework.security.web.savedrequest.RequestCacheAwareFilter@7e7195a5, org.springframework.security.web.servletapi.SecurityContextHolderAwareRequestFilter@1d951e09, org.springframework.security.web.authentication.rememberme.RememberMeAuthenticationFilter@75aa156d, org.springframework.security.web.authentication.AnonymousAuthenticationFilter@548ea20c, org.springframework.security.web.session.SessionManagementFilter@425ccb92, org.springframework.security.web.access.ExceptionTranslationFilter@2413203c, org.springframework.security.web.access.intercept.FilterSecurityInterceptor@96be79e]
2021-12-30 16:35:06.856  INFO 66781 --- [restartedMain] o.s.b.a.w.s.WelcomePageHandlerMapping    : Adding welcome page template: index
2021-12-30 16:35:06.983  INFO 66781 --- [restartedMain] o.s.b.d.a.OptionalLiveReloadServer       : LiveReload server is running on port 35729
2021-12-30 16:35:06.990  INFO 66781 --- [restartedMain] o.s.b.w.embedded.tomcat.TomcatWebServer  : Tomcat started on port(s): 8088 (http) with context path '/ShopmeAdmin'
2021-12-30 16:35:06.993  INFO 66781 --- [restartedMain] c.j.s.admin.ShopmeBackEndApplication     : Started ShopmeBackEndApplication in 0.512 seconds (JVM running for 2649.845)
2021-12-30 16:35:06.994  INFO 66781 --- [restartedMain] .ConditionEvaluationDeltaLoggingListener : Condition evaluation unchanged
2021-12-30 16:35:19.501  INFO 66781 --- [Thread-39] j.LocalContainerEntityManagerFactoryBean : Closing JPA EntityManagerFactory for persistence unit 'default'
2021-12-30 16:35:19.502  INFO 66781 --- [Thread-39] com.zaxxer.hikari.HikariDataSource       : HikariPool-10 - Shutdown initiated...
2021-12-30 16:35:19.503  INFO 66781 --- [Thread-39] com.zaxxer.hikari.HikariDataSource       : HikariPool-10 - Shutdown completed.
2021-12-30 16:35:19.569  INFO 66781 --- [restartedMain] c.j.s.admin.ShopmeBackEndApplication     : Starting ShopmeBackEndApplication using Java 17.0.1 on c02f348zmd6r-mac.lan with PID 66781 (/Users/jmehta/Riverbed/Eclipse_workspace/EcommerceProject_udemy/ShopmeProject/ShopmeWebParent/ShopmeBackEnd/target/classes started by jmehta in /Users/jmehta/Riverbed/Eclipse_workspace/EcommerceProject_udemy/ShopmeProject/ShopmeWebParent/ShopmeBackEnd)
2021-12-30 16:35:19.569  INFO 66781 --- [restartedMain] c.j.s.admin.ShopmeBackEndApplication     : No active profile set, falling back to default profiles: default
2021-12-30 16:35:19.665  INFO 66781 --- [restartedMain] .s.d.r.c.RepositoryConfigurationDelegate : Bootstrapping Spring Data JPA repositories in DEFAULT mode.
2021-12-30 16:35:19.672  INFO 66781 --- [restartedMain] .s.d.r.c.RepositoryConfigurationDelegate : Finished Spring Data repository scanning in 7 ms. Found 2 JPA repository interfaces.
2021-12-30 16:35:19.729  INFO 66781 --- [restartedMain] o.s.b.w.embedded.tomcat.TomcatWebServer  : Tomcat initialized with port(s): 8088 (http)
2021-12-30 16:35:19.729  INFO 66781 --- [restartedMain] o.apache.catalina.core.StandardService   : Starting service [Tomcat]
2021-12-30 16:35:19.729  INFO 66781 --- [restartedMain] org.apache.catalina.core.StandardEngine  : Starting Servlet engine: [Apache Tomcat/9.0.55]
2021-12-30 16:35:19.738  INFO 66781 --- [restartedMain] o.a.c.c.C.[.[localhost].[/ShopmeAdmin]   : Initializing Spring embedded WebApplicationContext
2021-12-30 16:35:19.738  INFO 66781 --- [restartedMain] w.s.c.ServletWebServerApplicationContext : Root WebApplicationContext: initialization completed in 168 ms
2021-12-30 16:35:19.759  INFO 66781 --- [restartedMain] o.hibernate.jpa.internal.util.LogHelper  : HHH000204: Processing PersistenceUnitInfo [name: default]
2021-12-30 16:35:19.762  INFO 66781 --- [restartedMain] com.zaxxer.hikari.HikariDataSource       : HikariPool-11 - Starting...
2021-12-30 16:35:19.771  INFO 66781 --- [restartedMain] com.zaxxer.hikari.HikariDataSource       : HikariPool-11 - Start completed.
2021-12-30 16:35:19.771  INFO 66781 --- [restartedMain] org.hibernate.dialect.Dialect            : HHH000400: Using dialect: org.hibernate.dialect.MySQL8Dialect
2021-12-30 16:35:19.799  INFO 66781 --- [restartedMain] o.h.e.t.j.p.i.JtaPlatformInitiator       : HHH000490: Using JtaPlatform implementation: [org.hibernate.engine.transaction.jta.platform.internal.NoJtaPlatform]
2021-12-30 16:35:19.799  INFO 66781 --- [restartedMain] j.LocalContainerEntityManagerFactoryBean : Initialized JPA EntityManagerFactory for persistence unit 'default'
2021-12-30 16:35:19.810  WARN 66781 --- [restartedMain] JpaBaseConfiguration$JpaWebConfiguration : spring.jpa.open-in-view is enabled by default. Therefore, database queries may be performed during view rendering. Explicitly configure spring.jpa.open-in-view to disable this warning
2021-12-30 16:35:19.859  INFO 66781 --- [restartedMain] o.s.s.web.DefaultSecurityFilterChain     : Will secure Ant [pattern='/images/**'] with []
2021-12-30 16:35:19.859  INFO 66781 --- [restartedMain] o.s.s.web.DefaultSecurityFilterChain     : Will secure Ant [pattern='/js/**'] with []
2021-12-30 16:35:19.859  INFO 66781 --- [restartedMain] o.s.s.web.DefaultSecurityFilterChain     : Will secure Ant [pattern='/webjars/**'] with []
2021-12-30 16:35:19.864  INFO 66781 --- [restartedMain] o.s.s.web.DefaultSecurityFilterChain     : Will secure any request with [org.springframework.security.web.context.request.async.WebAsyncManagerIntegrationFilter@714b0892, org.springframework.security.web.context.SecurityContextPersistenceFilter@11110049, org.springframework.security.web.header.HeaderWriterFilter@64d9a4f3, org.springframework.security.web.csrf.CsrfFilter@28754a9d, org.springframework.security.web.authentication.logout.LogoutFilter@4261274e, org.springframework.security.web.authentication.UsernamePasswordAuthenticationFilter@11cf0d, org.springframework.security.web.savedrequest.RequestCacheAwareFilter@75818bd6, org.springframework.security.web.servletapi.SecurityContextHolderAwareRequestFilter@5c5657a9, org.springframework.security.web.authentication.rememberme.RememberMeAuthenticationFilter@52aa76d4, org.springframework.security.web.authentication.AnonymousAuthenticationFilter@ebc8b40, org.springframework.security.web.session.SessionManagementFilter@13328110, org.springframework.security.web.access.ExceptionTranslationFilter@139efd40, org.springframework.security.web.access.intercept.FilterSecurityInterceptor@4027f5fe]
2021-12-30 16:35:19.891  INFO 66781 --- [restartedMain] o.s.b.a.w.s.WelcomePageHandlerMapping    : Adding welcome page template: index
2021-12-30 16:35:20.021  INFO 66781 --- [restartedMain] o.s.b.d.a.OptionalLiveReloadServer       : LiveReload server is running on port 35729
2021-12-30 16:35:20.027  INFO 66781 --- [restartedMain] o.s.b.w.embedded.tomcat.TomcatWebServer  : Tomcat started on port(s): 8088 (http) with context path '/ShopmeAdmin'
2021-12-30 16:35:20.031  INFO 66781 --- [restartedMain] c.j.s.admin.ShopmeBackEndApplication     : Started ShopmeBackEndApplication in 0.486 seconds (JVM running for 2662.883)
2021-12-30 16:35:20.032  INFO 66781 --- [restartedMain] .ConditionEvaluationDeltaLoggingListener : Condition evaluation unchanged
2021-12-30 16:35:22.449  INFO 66781 --- [Thread-43] j.LocalContainerEntityManagerFactoryBean : Closing JPA EntityManagerFactory for persistence unit 'default'
2021-12-30 16:35:22.449  INFO 66781 --- [Thread-43] com.zaxxer.hikari.HikariDataSource       : HikariPool-11 - Shutdown initiated...
2021-12-30 16:35:22.451  INFO 66781 --- [Thread-43] com.zaxxer.hikari.HikariDataSource       : HikariPool-11 - Shutdown completed.
2021-12-30 16:35:22.522  INFO 66781 --- [restartedMain] c.j.s.admin.ShopmeBackEndApplication     : Starting ShopmeBackEndApplication using Java 17.0.1 on c02f348zmd6r-mac.lan with PID 66781 (/Users/jmehta/Riverbed/Eclipse_workspace/EcommerceProject_udemy/ShopmeProject/ShopmeWebParent/ShopmeBackEnd/target/classes started by jmehta in /Users/jmehta/Riverbed/Eclipse_workspace/EcommerceProject_udemy/ShopmeProject/ShopmeWebParent/ShopmeBackEnd)
2021-12-30 16:35:22.522  INFO 66781 --- [restartedMain] c.j.s.admin.ShopmeBackEndApplication     : No active profile set, falling back to default profiles: default
2021-12-30 16:35:22.615  INFO 66781 --- [restartedMain] .s.d.r.c.RepositoryConfigurationDelegate : Bootstrapping Spring Data JPA repositories in DEFAULT mode.
2021-12-30 16:35:22.621  INFO 66781 --- [restartedMain] .s.d.r.c.RepositoryConfigurationDelegate : Finished Spring Data repository scanning in 5 ms. Found 2 JPA repository interfaces.
2021-12-30 16:35:22.676  INFO 66781 --- [restartedMain] o.s.b.w.embedded.tomcat.TomcatWebServer  : Tomcat initialized with port(s): 8088 (http)
2021-12-30 16:35:22.677  INFO 66781 --- [restartedMain] o.apache.catalina.core.StandardService   : Starting service [Tomcat]
2021-12-30 16:35:22.677  INFO 66781 --- [restartedMain] org.apache.catalina.core.StandardEngine  : Starting Servlet engine: [Apache Tomcat/9.0.55]
2021-12-30 16:35:22.686  INFO 66781 --- [restartedMain] o.a.c.c.C.[.[localhost].[/ShopmeAdmin]   : Initializing Spring embedded WebApplicationContext
2021-12-30 16:35:22.686  INFO 66781 --- [restartedMain] w.s.c.ServletWebServerApplicationContext : Root WebApplicationContext: initialization completed in 163 ms
2021-12-30 16:35:22.707  INFO 66781 --- [restartedMain] o.hibernate.jpa.internal.util.LogHelper  : HHH000204: Processing PersistenceUnitInfo [name: default]
2021-12-30 16:35:22.710  INFO 66781 --- [restartedMain] com.zaxxer.hikari.HikariDataSource       : HikariPool-12 - Starting...
2021-12-30 16:35:22.718  INFO 66781 --- [restartedMain] com.zaxxer.hikari.HikariDataSource       : HikariPool-12 - Start completed.
2021-12-30 16:35:22.719  INFO 66781 --- [restartedMain] org.hibernate.dialect.Dialect            : HHH000400: Using dialect: org.hibernate.dialect.MySQL8Dialect
2021-12-30 16:35:22.747  INFO 66781 --- [restartedMain] o.h.e.t.j.p.i.JtaPlatformInitiator       : HHH000490: Using JtaPlatform implementation: [org.hibernate.engine.transaction.jta.platform.internal.NoJtaPlatform]
2021-12-30 16:35:22.748  INFO 66781 --- [restartedMain] j.LocalContainerEntityManagerFactoryBean : Initialized JPA EntityManagerFactory for persistence unit 'default'
2021-12-30 16:35:22.760  WARN 66781 --- [restartedMain] JpaBaseConfiguration$JpaWebConfiguration : spring.jpa.open-in-view is enabled by default. Therefore, database queries may be performed during view rendering. Explicitly configure spring.jpa.open-in-view to disable this warning
2021-12-30 16:35:22.806  INFO 66781 --- [restartedMain] o.s.s.web.DefaultSecurityFilterChain     : Will secure Ant [pattern='/images/**'] with []
2021-12-30 16:35:22.806  INFO 66781 --- [restartedMain] o.s.s.web.DefaultSecurityFilterChain     : Will secure Ant [pattern='/js/**'] with []
2021-12-30 16:35:22.806  INFO 66781 --- [restartedMain] o.s.s.web.DefaultSecurityFilterChain     : Will secure Ant [pattern='/webjars/**'] with []
2021-12-30 16:35:22.811  INFO 66781 --- [restartedMain] o.s.s.web.DefaultSecurityFilterChain     : Will secure any request with [org.springframework.security.web.context.request.async.WebAsyncManagerIntegrationFilter@785e0b60, org.springframework.security.web.context.SecurityContextPersistenceFilter@6db871e1, org.springframework.security.web.header.HeaderWriterFilter@f45891f, org.springframework.security.web.csrf.CsrfFilter@2bd54301, org.springframework.security.web.authentication.logout.LogoutFilter@51e74ed3, org.springframework.security.web.authentication.UsernamePasswordAuthenticationFilter@5499f82, org.springframework.security.web.savedrequest.RequestCacheAwareFilter@173e0058, org.springframework.security.web.servletapi.SecurityContextHolderAwareRequestFilter@34106ed1, org.springframework.security.web.authentication.rememberme.RememberMeAuthenticationFilter@6c0b57e3, org.springframework.security.web.authentication.AnonymousAuthenticationFilter@500be426, org.springframework.security.web.session.SessionManagementFilter@6c74fa25, org.springframework.security.web.access.ExceptionTranslationFilter@19fc700e, org.springframework.security.web.access.intercept.FilterSecurityInterceptor@34138dc0]
2021-12-30 16:35:22.838  INFO 66781 --- [restartedMain] o.s.b.a.w.s.WelcomePageHandlerMapping    : Adding welcome page template: index
2021-12-30 16:35:22.973  INFO 66781 --- [restartedMain] o.s.b.d.a.OptionalLiveReloadServer       : LiveReload server is running on port 35729
2021-12-30 16:35:22.980  INFO 66781 --- [restartedMain] o.s.b.w.embedded.tomcat.TomcatWebServer  : Tomcat started on port(s): 8088 (http) with context path '/ShopmeAdmin'
2021-12-30 16:35:22.984  INFO 66781 --- [restartedMain] c.j.s.admin.ShopmeBackEndApplication     : Started ShopmeBackEndApplication in 0.479 seconds (JVM running for 2665.836)
2021-12-30 16:35:22.985  INFO 66781 --- [restartedMain] .ConditionEvaluationDeltaLoggingListener : Condition evaluation unchanged
2021-12-30 16:35:38.549  INFO 66781 --- [RMI TCP Connection(74)-127.0.0.1] inMXBeanRegistrar$SpringApplicationAdmin : Application shutdown requested.
2021-12-30 16:35:38.553  INFO 66781 --- [RMI TCP Connection(74)-127.0.0.1] j.LocalContainerEntityManagerFactoryBean : Closing JPA EntityManagerFactory for persistence unit 'default'
2021-12-30 16:35:38.554  INFO 66781 --- [RMI TCP Connection(74)-127.0.0.1] com.zaxxer.hikari.HikariDataSource       : HikariPool-12 - Shutdown initiated...
2021-12-30 16:35:38.556  INFO 66781 --- [RMI TCP Connection(74)-127.0.0.1] com.zaxxer.hikari.HikariDataSource       : HikariPool-12 - Shutdown completed.
2021-12-30 16:35:43.402  INFO 71172 --- [restartedMain] c.j.s.admin.ShopmeBackEndApplication     : Starting ShopmeBackEndApplication using Java 17.0.1 on c02f348zmd6r-mac.lan with PID 71172 (/Users/jmehta/Riverbed/Eclipse_workspace/EcommerceProject_udemy/ShopmeProject/ShopmeWebParent/ShopmeBackEnd/target/classes started by jmehta in /Users/jmehta/Riverbed/Eclipse_workspace/EcommerceProject_udemy/ShopmeProject/ShopmeWebParent/ShopmeBackEnd)
2021-12-30 16:35:43.402  INFO 71172 --- [restartedMain] c.j.s.admin.ShopmeBackEndApplication     : No active profile set, falling back to default profiles: default
2021-12-30 16:35:43.436  INFO 71172 --- [restartedMain] .e.DevToolsPropertyDefaultsPostProcessor : Devtools property defaults active! Set 'spring.devtools.add-properties' to 'false' to disable
2021-12-30 16:35:43.436  INFO 71172 --- [restartedMain] .e.DevToolsPropertyDefaultsPostProcessor : For additional web related logging consider setting the 'logging.level.web' property to 'DEBUG'
2021-12-30 16:35:43.854  INFO 71172 --- [restartedMain] .s.d.r.c.RepositoryConfigurationDelegate : Bootstrapping Spring Data JPA repositories in DEFAULT mode.
2021-12-30 16:35:43.892  INFO 71172 --- [restartedMain] .s.d.r.c.RepositoryConfigurationDelegate : Finished Spring Data repository scanning in 32 ms. Found 2 JPA repository interfaces.
2021-12-30 16:35:44.278  INFO 71172 --- [restartedMain] o.s.b.w.embedded.tomcat.TomcatWebServer  : Tomcat initialized with port(s): 8088 (http)
2021-12-30 16:35:44.285  INFO 71172 --- [restartedMain] o.apache.catalina.core.StandardService   : Starting service [Tomcat]
2021-12-30 16:35:44.285  INFO 71172 --- [restartedMain] org.apache.catalina.core.StandardEngine  : Starting Servlet engine: [Apache Tomcat/9.0.55]
2021-12-30 16:35:44.355  INFO 71172 --- [restartedMain] o.a.c.c.C.[.[localhost].[/ShopmeAdmin]   : Initializing Spring embedded WebApplicationContext
2021-12-30 16:35:44.355  INFO 71172 --- [restartedMain] w.s.c.ServletWebServerApplicationContext : Root WebApplicationContext: initialization completed in 918 ms
2021-12-30 16:35:44.471  INFO 71172 --- [restartedMain] o.hibernate.jpa.internal.util.LogHelper  : HHH000204: Processing PersistenceUnitInfo [name: default]
2021-12-30 16:35:44.504  INFO 71172 --- [restartedMain] org.hibernate.Version                    : HHH000412: Hibernate ORM core version 5.6.1.Final
2021-12-30 16:35:44.609  INFO 71172 --- [restartedMain] o.hibernate.annotations.common.Version   : HCANN000001: Hibernate Commons Annotations {5.1.2.Final}
2021-12-30 16:35:44.676  INFO 71172 --- [restartedMain] com.zaxxer.hikari.HikariDataSource       : HikariPool-1 - Starting...
2021-12-30 16:35:44.890  INFO 71172 --- [restartedMain] com.zaxxer.hikari.HikariDataSource       : HikariPool-1 - Start completed.
2021-12-30 16:35:44.901  INFO 71172 --- [restartedMain] org.hibernate.dialect.Dialect            : HHH000400: Using dialect: org.hibernate.dialect.MySQL8Dialect
2021-12-30 16:35:45.319  INFO 71172 --- [restartedMain] o.h.e.t.j.p.i.JtaPlatformInitiator       : HHH000490: Using JtaPlatform implementation: [org.hibernate.engine.transaction.jta.platform.internal.NoJtaPlatform]
2021-12-30 16:35:45.324  INFO 71172 --- [restartedMain] j.LocalContainerEntityManagerFactoryBean : Initialized JPA EntityManagerFactory for persistence unit 'default'
2021-12-30 16:35:45.349  WARN 71172 --- [restartedMain] JpaBaseConfiguration$JpaWebConfiguration : spring.jpa.open-in-view is enabled by default. Therefore, database queries may be performed during view rendering. Explicitly configure spring.jpa.open-in-view to disable this warning
2021-12-30 16:35:45.704  INFO 71172 --- [restartedMain] o.s.s.web.DefaultSecurityFilterChain     : Will secure Ant [pattern='/images/**'] with []
2021-12-30 16:35:45.705  INFO 71172 --- [restartedMain] o.s.s.web.DefaultSecurityFilterChain     : Will secure Ant [pattern='/js/**'] with []
2021-12-30 16:35:45.705  INFO 71172 --- [restartedMain] o.s.s.web.DefaultSecurityFilterChain     : Will secure Ant [pattern='/webjars/**'] with []
2021-12-30 16:35:45.725  INFO 71172 --- [restartedMain] o.s.s.web.DefaultSecurityFilterChain     : Will secure any request with [org.springframework.security.web.context.request.async.WebAsyncManagerIntegrationFilter@5de39ac6, org.springframework.security.web.context.SecurityContextPersistenceFilter@6fc753b5, org.springframework.security.web.header.HeaderWriterFilter@6655e72a, org.springframework.security.web.csrf.CsrfFilter@1a7b3c8e, org.springframework.security.web.authentication.logout.LogoutFilter@3a1ead3, org.springframework.security.web.authentication.UsernamePasswordAuthenticationFilter@7c3b0318, org.springframework.security.web.savedrequest.RequestCacheAwareFilter@2d2f4448, org.springframework.security.web.servletapi.SecurityContextHolderAwareRequestFilter@23d2e316, org.springframework.security.web.authentication.rememberme.RememberMeAuthenticationFilter@6d05e6e9, org.springframework.security.web.authentication.AnonymousAuthenticationFilter@63ba6832, org.springframework.security.web.session.SessionManagementFilter@17012b52, org.springframework.security.web.access.ExceptionTranslationFilter@7a3f44e1, org.springframework.security.web.access.intercept.FilterSecurityInterceptor@43927116]
2021-12-30 16:35:45.841  INFO 71172 --- [restartedMain] o.s.b.a.w.s.WelcomePageHandlerMapping    : Adding welcome page template: index
2021-12-30 16:35:46.123  INFO 71172 --- [restartedMain] o.s.b.d.a.OptionalLiveReloadServer       : LiveReload server is running on port 35729
2021-12-30 16:35:46.146  INFO 71172 --- [restartedMain] o.s.b.w.embedded.tomcat.TomcatWebServer  : Tomcat started on port(s): 8088 (http) with context path '/ShopmeAdmin'
2021-12-30 16:35:46.154  INFO 71172 --- [restartedMain] c.j.s.admin.ShopmeBackEndApplication     : Started ShopmeBackEndApplication in 2.984 seconds (JVM running for 3.476)
2021-12-30 16:36:00.864  INFO 71172 --- [http-nio-8088-exec-1] o.a.c.c.C.[.[localhost].[/ShopmeAdmin]   : Initializing Spring DispatcherServlet 'dispatcherServlet'
2021-12-30 16:36:00.865  INFO 71172 --- [http-nio-8088-exec-1] o.s.web.servlet.DispatcherServlet        : Initializing Servlet 'dispatcherServlet'
2021-12-30 16:36:00.866  INFO 71172 --- [http-nio-8088-exec-1] o.s.web.servlet.DispatcherServlet        : Completed initialization in 1 ms
2021-12-30 16:39:04.295  INFO 71172 --- [Thread-5] j.LocalContainerEntityManagerFactoryBean : Closing JPA EntityManagerFactory for persistence unit 'default'
2021-12-30 16:39:04.297  INFO 71172 --- [Thread-5] com.zaxxer.hikari.HikariDataSource       : HikariPool-1 - Shutdown initiated...
2021-12-30 16:39:04.302  INFO 71172 --- [Thread-5] com.zaxxer.hikari.HikariDataSource       : HikariPool-1 - Shutdown completed.
